[2025-08-06 18:44:29] [INFO] root: Logging initialized. Log file: C:\Users\91861\OneDrive\Desktop\AI-Investment-Assistant\backend\logs\backend_2025-08-06.log
[2025-08-06 18:44:29] [INFO] __main__: Loaded portfolio route
[2025-08-06 19:16:18] [INFO] root: Logging initialized. Log file: C:\Users\91861\OneDrive\Desktop\AI-Investment-Assistant\backend\logs\backend_2025-08-06.log
[2025-08-06 19:16:38] [INFO] app: GET request to root '/' from 127.0.0.1
[2025-08-06 19:20:30] [INFO] routes.sentiment: POST request received at /api/sentiment from 127.0.0.1
[2025-08-06 19:20:30] [ERROR] routes.sentiment: Error during sentiment analysis
Traceback (most recent call last):
  File "C:\Users\91861\OneDrive\Desktop\AI-Investment-Assistant\backend\routes\sentiment.py", line 13, in analyze_sentiment
    data = await request.json()
           ^^^^^^^^^^^^^^^^^^^^
  File "C:\Users\91861\OneDrive\Desktop\AI-Investment-Assistant\backend\venv\Lib\site-packages\starlette\requests.py", line 250, in json
    self._json = json.loads(body)
                 ^^^^^^^^^^^^^^^^
  File "C:\Program Files\WindowsApps\PythonSoftwareFoundation.Python.3.11_3.11.2544.0_x64__qbz5n2kfra8p0\Lib\json\__init__.py", line 346, in loads
    return _default_decoder.decode(s)
           ^^^^^^^^^^^^^^^^^^^^^^^^^^
  File "C:\Program Files\WindowsApps\PythonSoftwareFoundation.Python.3.11_3.11.2544.0_x64__qbz5n2kfra8p0\Lib\json\decoder.py", line 337, in decode
    obj, end = self.raw_decode(s, idx=_w(s, 0).end())
               ^^^^^^^^^^^^^^^^^^^^^^^^^^^^^^^^^^^^^^
  File "C:\Program Files\WindowsApps\PythonSoftwareFoundation.Python.3.11_3.11.2544.0_x64__qbz5n2kfra8p0\Lib\json\decoder.py", line 355, in raw_decode
    raise JSONDecodeError("Expecting value", s, err.value) from None
json.decoder.JSONDecodeError: Expecting value: line 1 column 1 (char 0)
[2025-08-06 19:21:47] [INFO] routes.sentiment: POST request received at /api/sentiment from 127.0.0.1
[2025-08-06 19:21:47] [INFO] routes.sentiment: Sentiment analysis completed successfully
[2025-08-06 19:24:57] [INFO] root: Logging initialized. Log file: C:\Users\91861\OneDrive\Desktop\AI-Investment-Assistant\backend\logs\backend_2025-08-06.log
[2025-08-06 19:25:05] [INFO] routes.portfolio: POST request received at /api/portfolio from 127.0.0.1
[2025-08-06 19:46:05] [INFO] root: Logging initialized. Log file: C:\Users\91861\OneDrive\Desktop\AI-Investment-Assistant\backend\logs\backend_2025-08-06.log
[2025-08-06 19:46:11] [INFO] app: GET request to root '/' from 127.0.0.1
[2025-08-06 19:50:21] [INFO] root: Logging initialized. Log file: C:\Users\91861\OneDrive\Desktop\AI-Investment-Assistant\backend\logs\backend_2025-08-06.log
[2025-08-06 19:54:33] [INFO] root: Logging initialized. Log file: C:\Users\91861\OneDrive\Desktop\AI-Investment-Assistant\backend\logs\backend_2025-08-06.log
[2025-08-06 19:55:05] [INFO] routes.news: Fetching news for ticker: AAPL

[2025-08-06 19:56:20] [INFO] root: Logging initialized. Log file: C:\Users\91861\OneDrive\Desktop\AI-Investment-Assistant\backend\logs\backend_2025-08-06.log
[2025-08-06 19:56:32] [INFO] routes.news: Fetching news for ticker: AAPL
[2025-08-06 19:58:12] [INFO] root: Logging initialized. Log file: C:\Users\91861\OneDrive\Desktop\AI-Investment-Assistant\backend\logs\backend_2025-08-06.log
[2025-08-06 19:58:49] [INFO] routes.news: Fetching news for ticker: AAPL
[2025-08-06 19:58:58] [INFO] routes.news: Fetching news for ticker: AAPL
[2025-08-06 20:06:33] [INFO] root: Logging initialized. Log file: C:\Users\91861\OneDrive\Desktop\AI-Investment-Assistant\backend\logs\backend_2025-08-06.log
[2025-08-06 20:07:00] [INFO] routes.news: Fetching news for ticker: AAPL

[2025-08-06 20:07:02] [WARNING] routes.news: No news found for ticker: AAPL

[2025-08-06 20:09:05] [INFO] root: Logging initialized. Log file: C:\Users\91861\OneDrive\Desktop\AI-Investment-Assistant\backend\logs\backend_2025-08-06.log
[2025-08-06 20:09:32] [INFO] root: Logging initialized. Log file: C:\Users\91861\OneDrive\Desktop\AI-Investment-Assistant\backend\logs\backend_2025-08-06.log
[2025-08-06 20:09:57] [INFO] routes.news: Fetching news for ticker: AAPL
[2025-08-06 20:25:39] [INFO] root: Logging initialized. Log file: C:\Users\91861\OneDrive\Desktop\AI-Investment-Assistant\backend\logs\backend_2025-08-06.log
[2025-08-06 20:31:58] [INFO] root: Logging initialized. Log file: C:\Users\91861\OneDrive\Desktop\AI-Investment-Assistant\backend\logs\backend_2025-08-06.log
[2025-08-06 20:33:01] [INFO] routes.news: Fetching news and analyzing sentiment for ticker: AAPL
